C:\USERS\P1101_000\DOCUMENTS\GAMESDESIGNYEAR4\GAMEPHYSICS\BULLET\LIB\BULLETCOLLISION_VS2010_DEBUG.PDB
C:\USERS\P1101_000\DOCUMENTS\GAMESDESIGNYEAR4\GAMEPHYSICS\BULLET\LIB\BULLETCOLLISION_VS2010_DEBUG.LIB
C:\Users\P1101_000\Documents\GamesDesignYear4\GamePhysics\Bullet\build\vs2010\obj\x32\Debug\BulletCollision\btActivatingCollisionAlgorithm.obj
C:\Users\P1101_000\Documents\GamesDesignYear4\GamePhysics\Bullet\build\vs2010\obj\x32\Debug\BulletCollision\btAxisSweep3.obj
C:\Users\P1101_000\Documents\GamesDesignYear4\GamePhysics\Bullet\build\vs2010\obj\x32\Debug\BulletCollision\btBox2dBox2dCollisionAlgorithm.obj
C:\Users\P1101_000\Documents\GamesDesignYear4\GamePhysics\Bullet\build\vs2010\obj\x32\Debug\BulletCollision\btBox2dShape.obj
C:\Users\P1101_000\Documents\GamesDesignYear4\GamePhysics\Bullet\build\vs2010\obj\x32\Debug\BulletCollision\btBoxBoxCollisionAlgorithm.obj
C:\Users\P1101_000\Documents\GamesDesignYear4\GamePhysics\Bullet\build\vs2010\obj\x32\Debug\BulletCollision\btBoxBoxDetector.obj
C:\Users\P1101_000\Documents\GamesDesignYear4\GamePhysics\Bullet\build\vs2010\obj\x32\Debug\BulletCollision\btBoxShape.obj
C:\Users\P1101_000\Documents\GamesDesignYear4\GamePhysics\Bullet\build\vs2010\obj\x32\Debug\BulletCollision\btBroadphaseProxy.obj
C:\Users\P1101_000\Documents\GamesDesignYear4\GamePhysics\Bullet\build\vs2010\obj\x32\Debug\BulletCollision\btBvhTriangleMeshShape.obj
C:\Users\P1101_000\Documents\GamesDesignYear4\GamePhysics\Bullet\build\vs2010\obj\x32\Debug\BulletCollision\btCapsuleShape.obj
C:\Users\P1101_000\Documents\GamesDesignYear4\GamePhysics\Bullet\build\vs2010\obj\x32\Debug\BulletCollision\btCollisionAlgorithm.obj
C:\Users\P1101_000\Documents\GamesDesignYear4\GamePhysics\Bullet\build\vs2010\obj\x32\Debug\BulletCollision\btCollisionDispatcher.obj
C:\Users\P1101_000\Documents\GamesDesignYear4\GamePhysics\Bullet\build\vs2010\obj\x32\Debug\BulletCollision\btCollisionObject.obj
C:\Users\P1101_000\Documents\GamesDesignYear4\GamePhysics\Bullet\build\vs2010\obj\x32\Debug\BulletCollision\btCollisionShape.obj
C:\Users\P1101_000\Documents\GamesDesignYear4\GamePhysics\Bullet\build\vs2010\obj\x32\Debug\BulletCollision\btCollisionWorld.obj
C:\Users\P1101_000\Documents\GamesDesignYear4\GamePhysics\Bullet\build\vs2010\obj\x32\Debug\BulletCollision\btCompoundCollisionAlgorithm.obj
C:\Users\P1101_000\Documents\GamesDesignYear4\GamePhysics\Bullet\build\vs2010\obj\x32\Debug\BulletCollision\btCompoundShape.obj
C:\Users\P1101_000\Documents\GamesDesignYear4\GamePhysics\Bullet\build\vs2010\obj\x32\Debug\BulletCollision\btConcaveShape.obj
C:\Users\P1101_000\Documents\GamesDesignYear4\GamePhysics\Bullet\build\vs2010\obj\x32\Debug\BulletCollision\btConeShape.obj
C:\Users\P1101_000\Documents\GamesDesignYear4\GamePhysics\Bullet\build\vs2010\obj\x32\Debug\BulletCollision\btContactProcessing.obj
C:\Users\P1101_000\Documents\GamesDesignYear4\GamePhysics\Bullet\build\vs2010\obj\x32\Debug\BulletCollision\btContinuousConvexCollision.obj
C:\Users\P1101_000\Documents\GamesDesignYear4\GamePhysics\Bullet\build\vs2010\obj\x32\Debug\BulletCollision\btConvex2dConvex2dAlgorithm.obj
C:\Users\P1101_000\Documents\GamesDesignYear4\GamePhysics\Bullet\build\vs2010\obj\x32\Debug\BulletCollision\btConvex2dShape.obj
C:\Users\P1101_000\Documents\GamesDesignYear4\GamePhysics\Bullet\build\vs2010\obj\x32\Debug\BulletCollision\btConvexCast.obj
C:\Users\P1101_000\Documents\GamesDesignYear4\GamePhysics\Bullet\build\vs2010\obj\x32\Debug\BulletCollision\btConvexConcaveCollisionAlgorithm.obj
C:\Users\P1101_000\Documents\GamesDesignYear4\GamePhysics\Bullet\build\vs2010\obj\x32\Debug\BulletCollision\btConvexConvexAlgorithm.obj
C:\Users\P1101_000\Documents\GamesDesignYear4\GamePhysics\Bullet\build\vs2010\obj\x32\Debug\BulletCollision\btConvexHullShape.obj
C:\Users\P1101_000\Documents\GamesDesignYear4\GamePhysics\Bullet\build\vs2010\obj\x32\Debug\BulletCollision\btConvexInternalShape.obj
C:\Users\P1101_000\Documents\GamesDesignYear4\GamePhysics\Bullet\build\vs2010\obj\x32\Debug\BulletCollision\btConvexPlaneCollisionAlgorithm.obj
C:\Users\P1101_000\Documents\GamesDesignYear4\GamePhysics\Bullet\build\vs2010\obj\x32\Debug\BulletCollision\btConvexPointCloudShape.obj
C:\Users\P1101_000\Documents\GamesDesignYear4\GamePhysics\Bullet\build\vs2010\obj\x32\Debug\BulletCollision\btConvexPolyhedron.obj
C:\Users\P1101_000\Documents\GamesDesignYear4\GamePhysics\Bullet\build\vs2010\obj\x32\Debug\BulletCollision\btConvexShape.obj
C:\Users\P1101_000\Documents\GamesDesignYear4\GamePhysics\Bullet\build\vs2010\obj\x32\Debug\BulletCollision\btConvexTriangleMeshShape.obj
C:\Users\P1101_000\Documents\GamesDesignYear4\GamePhysics\Bullet\build\vs2010\obj\x32\Debug\BulletCollision\btCylinderShape.obj
C:\Users\P1101_000\Documents\GamesDesignYear4\GamePhysics\Bullet\build\vs2010\obj\x32\Debug\BulletCollision\btDbvt.obj
C:\Users\P1101_000\Documents\GamesDesignYear4\GamePhysics\Bullet\build\vs2010\obj\x32\Debug\BulletCollision\btDbvtBroadphase.obj
C:\Users\P1101_000\Documents\GamesDesignYear4\GamePhysics\Bullet\build\vs2010\obj\x32\Debug\BulletCollision\btDefaultCollisionConfiguration.obj
C:\Users\P1101_000\Documents\GamesDesignYear4\GamePhysics\Bullet\build\vs2010\obj\x32\Debug\BulletCollision\btDispatcher.obj
C:\Users\P1101_000\Documents\GamesDesignYear4\GamePhysics\Bullet\build\vs2010\obj\x32\Debug\BulletCollision\btEmptyCollisionAlgorithm.obj
C:\Users\P1101_000\Documents\GamesDesignYear4\GamePhysics\Bullet\build\vs2010\obj\x32\Debug\BulletCollision\btEmptyShape.obj
C:\Users\P1101_000\Documents\GamesDesignYear4\GamePhysics\Bullet\build\vs2010\obj\x32\Debug\BulletCollision\btGenericPoolAllocator.obj
C:\Users\P1101_000\Documents\GamesDesignYear4\GamePhysics\Bullet\build\vs2010\obj\x32\Debug\BulletCollision\btGhostObject.obj
C:\Users\P1101_000\Documents\GamesDesignYear4\GamePhysics\Bullet\build\vs2010\obj\x32\Debug\BulletCollision\btGImpactBvh.obj
C:\Users\P1101_000\Documents\GamesDesignYear4\GamePhysics\Bullet\build\vs2010\obj\x32\Debug\BulletCollision\btGImpactCollisionAlgorithm.obj
C:\Users\P1101_000\Documents\GamesDesignYear4\GamePhysics\Bullet\build\vs2010\obj\x32\Debug\BulletCollision\btGImpactQuantizedBvh.obj
C:\Users\P1101_000\Documents\GamesDesignYear4\GamePhysics\Bullet\build\vs2010\obj\x32\Debug\BulletCollision\btGImpactShape.obj
C:\Users\P1101_000\Documents\GamesDesignYear4\GamePhysics\Bullet\build\vs2010\obj\x32\Debug\BulletCollision\btGjkConvexCast.obj
C:\Users\P1101_000\Documents\GamesDesignYear4\GamePhysics\Bullet\build\vs2010\obj\x32\Debug\BulletCollision\btGjkEpa2.obj
C:\Users\P1101_000\Documents\GamesDesignYear4\GamePhysics\Bullet\build\vs2010\obj\x32\Debug\BulletCollision\btGjkEpaPenetrationDepthSolver.obj
C:\Users\P1101_000\Documents\GamesDesignYear4\GamePhysics\Bullet\build\vs2010\obj\x32\Debug\BulletCollision\btGjkPairDetector.obj
C:\Users\P1101_000\Documents\GamesDesignYear4\GamePhysics\Bullet\build\vs2010\obj\x32\Debug\BulletCollision\btHeightfieldTerrainShape.obj
C:\Users\P1101_000\Documents\GamesDesignYear4\GamePhysics\Bullet\build\vs2010\obj\x32\Debug\BulletCollision\btInternalEdgeUtility.obj
C:\Users\P1101_000\Documents\GamesDesignYear4\GamePhysics\Bullet\build\vs2010\obj\x32\Debug\BulletCollision\btManifoldResult.obj
C:\Users\P1101_000\Documents\GamesDesignYear4\GamePhysics\Bullet\build\vs2010\obj\x32\Debug\BulletCollision\btMinkowskiPenetrationDepthSolver.obj
C:\Users\P1101_000\Documents\GamesDesignYear4\GamePhysics\Bullet\build\vs2010\obj\x32\Debug\BulletCollision\btMinkowskiSumShape.obj
C:\Users\P1101_000\Documents\GamesDesignYear4\GamePhysics\Bullet\build\vs2010\obj\x32\Debug\BulletCollision\btMultimaterialTriangleMeshShape.obj
C:\Users\P1101_000\Documents\GamesDesignYear4\GamePhysics\Bullet\build\vs2010\obj\x32\Debug\BulletCollision\btMultiSapBroadphase.obj
C:\Users\P1101_000\Documents\GamesDesignYear4\GamePhysics\Bullet\build\vs2010\obj\x32\Debug\BulletCollision\btMultiSphereShape.obj
C:\Users\P1101_000\Documents\GamesDesignYear4\GamePhysics\Bullet\build\vs2010\obj\x32\Debug\BulletCollision\btOptimizedBvh.obj
C:\Users\P1101_000\Documents\GamesDesignYear4\GamePhysics\Bullet\build\vs2010\obj\x32\Debug\BulletCollision\btOverlappingPairCache.obj
C:\Users\P1101_000\Documents\GamesDesignYear4\GamePhysics\Bullet\build\vs2010\obj\x32\Debug\BulletCollision\btPersistentManifold.obj
C:\Users\P1101_000\Documents\GamesDesignYear4\GamePhysics\Bullet\build\vs2010\obj\x32\Debug\BulletCollision\btPolyhedralContactClipping.obj
C:\Users\P1101_000\Documents\GamesDesignYear4\GamePhysics\Bullet\build\vs2010\obj\x32\Debug\BulletCollision\btPolyhedralConvexShape.obj
C:\Users\P1101_000\Documents\GamesDesignYear4\GamePhysics\Bullet\build\vs2010\obj\x32\Debug\BulletCollision\btQuantizedBvh.obj
C:\Users\P1101_000\Documents\GamesDesignYear4\GamePhysics\Bullet\build\vs2010\obj\x32\Debug\BulletCollision\btRaycastCallback.obj
C:\Users\P1101_000\Documents\GamesDesignYear4\GamePhysics\Bullet\build\vs2010\obj\x32\Debug\BulletCollision\btScaledBvhTriangleMeshShape.obj
C:\Users\P1101_000\Documents\GamesDesignYear4\GamePhysics\Bullet\build\vs2010\obj\x32\Debug\BulletCollision\btShapeHull.obj
C:\Users\P1101_000\Documents\GamesDesignYear4\GamePhysics\Bullet\build\vs2010\obj\x32\Debug\BulletCollision\btSimpleBroadphase.obj
C:\Users\P1101_000\Documents\GamesDesignYear4\GamePhysics\Bullet\build\vs2010\obj\x32\Debug\BulletCollision\btSimulationIslandManager.obj
C:\Users\P1101_000\Documents\GamesDesignYear4\GamePhysics\Bullet\build\vs2010\obj\x32\Debug\BulletCollision\btSphereBoxCollisionAlgorithm.obj
C:\Users\P1101_000\Documents\GamesDesignYear4\GamePhysics\Bullet\build\vs2010\obj\x32\Debug\BulletCollision\btSphereShape.obj
C:\Users\P1101_000\Documents\GamesDesignYear4\GamePhysics\Bullet\build\vs2010\obj\x32\Debug\BulletCollision\btSphereSphereCollisionAlgorithm.obj
C:\Users\P1101_000\Documents\GamesDesignYear4\GamePhysics\Bullet\build\vs2010\obj\x32\Debug\BulletCollision\btSphereTriangleCollisionAlgorithm.obj
C:\Users\P1101_000\Documents\GamesDesignYear4\GamePhysics\Bullet\build\vs2010\obj\x32\Debug\BulletCollision\btStaticPlaneShape.obj
C:\Users\P1101_000\Documents\GamesDesignYear4\GamePhysics\Bullet\build\vs2010\obj\x32\Debug\BulletCollision\btStridingMeshInterface.obj
C:\Users\P1101_000\Documents\GamesDesignYear4\GamePhysics\Bullet\build\vs2010\obj\x32\Debug\BulletCollision\btSubSimplexConvexCast.obj
C:\Users\P1101_000\Documents\GamesDesignYear4\GamePhysics\Bullet\build\vs2010\obj\x32\Debug\BulletCollision\btTetrahedronShape.obj
C:\Users\P1101_000\Documents\GamesDesignYear4\GamePhysics\Bullet\build\vs2010\obj\x32\Debug\BulletCollision\btTriangleBuffer.obj
C:\Users\P1101_000\Documents\GamesDesignYear4\GamePhysics\Bullet\build\vs2010\obj\x32\Debug\BulletCollision\btTriangleCallback.obj
C:\Users\P1101_000\Documents\GamesDesignYear4\GamePhysics\Bullet\build\vs2010\obj\x32\Debug\BulletCollision\btTriangleIndexVertexArray.obj
C:\Users\P1101_000\Documents\GamesDesignYear4\GamePhysics\Bullet\build\vs2010\obj\x32\Debug\BulletCollision\btTriangleIndexVertexMaterialArray.obj
C:\Users\P1101_000\Documents\GamesDesignYear4\GamePhysics\Bullet\build\vs2010\obj\x32\Debug\BulletCollision\btTriangleMesh.obj
C:\Users\P1101_000\Documents\GamesDesignYear4\GamePhysics\Bullet\build\vs2010\obj\x32\Debug\BulletCollision\btTriangleMeshShape.obj
C:\Users\P1101_000\Documents\GamesDesignYear4\GamePhysics\Bullet\build\vs2010\obj\x32\Debug\BulletCollision\btTriangleShapeEx.obj
C:\Users\P1101_000\Documents\GamesDesignYear4\GamePhysics\Bullet\build\vs2010\obj\x32\Debug\BulletCollision\btUniformScalingShape.obj
C:\Users\P1101_000\Documents\GamesDesignYear4\GamePhysics\Bullet\build\vs2010\obj\x32\Debug\BulletCollision\btUnionFind.obj
C:\Users\P1101_000\Documents\GamesDesignYear4\GamePhysics\Bullet\build\vs2010\obj\x32\Debug\BulletCollision\btVoronoiSimplexSolver.obj
C:\Users\P1101_000\Documents\GamesDesignYear4\GamePhysics\Bullet\build\vs2010\obj\x32\Debug\BulletCollision\gim_box_set.obj
C:\Users\P1101_000\Documents\GamesDesignYear4\GamePhysics\Bullet\build\vs2010\obj\x32\Debug\BulletCollision\gim_contact.obj
C:\Users\P1101_000\Documents\GamesDesignYear4\GamePhysics\Bullet\build\vs2010\obj\x32\Debug\BulletCollision\gim_memory.obj
C:\Users\P1101_000\Documents\GamesDesignYear4\GamePhysics\Bullet\build\vs2010\obj\x32\Debug\BulletCollision\gim_tri_collision.obj
C:\Users\P1101_000\Documents\GamesDesignYear4\GamePhysics\Bullet\build\vs2010\obj\x32\Debug\BulletCollision\SphereTriangleDetector.obj
C:\Users\P1101_000\Documents\GamesDesignYear4\GamePhysics\Bullet\build\vs2010\obj\x32\Debug\BulletCollision\CL.428.read.1.tlog
C:\Users\P1101_000\Documents\GamesDesignYear4\GamePhysics\Bullet\build\vs2010\obj\x32\Debug\BulletCollision\CL.428.write.1.tlog
C:\Users\P1101_000\Documents\GamesDesignYear4\GamePhysics\Bullet\build\vs2010\obj\x32\Debug\BulletCollision\CL.5748.read.1.tlog
C:\Users\P1101_000\Documents\GamesDesignYear4\GamePhysics\Bullet\build\vs2010\obj\x32\Debug\BulletCollision\CL.5748.write.1.tlog
C:\Users\P1101_000\Documents\GamesDesignYear4\GamePhysics\Bullet\build\vs2010\obj\x32\Debug\BulletCollision\CL.6040.read.1.tlog
C:\Users\P1101_000\Documents\GamesDesignYear4\GamePhysics\Bullet\build\vs2010\obj\x32\Debug\BulletCollision\CL.6040.write.1.tlog
C:\Users\P1101_000\Documents\GamesDesignYear4\GamePhysics\Bullet\build\vs2010\obj\x32\Debug\BulletCollision\CL.6676.read.1.tlog
C:\Users\P1101_000\Documents\GamesDesignYear4\GamePhysics\Bullet\build\vs2010\obj\x32\Debug\BulletCollision\CL.6676.write.1.tlog
C:\Users\P1101_000\Documents\GamesDesignYear4\GamePhysics\Bullet\build\vs2010\obj\x32\Debug\BulletCollision\CL.6928.read.1.tlog
C:\Users\P1101_000\Documents\GamesDesignYear4\GamePhysics\Bullet\build\vs2010\obj\x32\Debug\BulletCollision\CL.6928.write.1.tlog
C:\Users\P1101_000\Documents\GamesDesignYear4\GamePhysics\Bullet\build\vs2010\obj\x32\Debug\BulletCollision\CL.7560.read.1.tlog
C:\Users\P1101_000\Documents\GamesDesignYear4\GamePhysics\Bullet\build\vs2010\obj\x32\Debug\BulletCollision\CL.7560.write.1.tlog
C:\Users\P1101_000\Documents\GamesDesignYear4\GamePhysics\Bullet\build\vs2010\obj\x32\Debug\BulletCollision\CL.8608.read.1.tlog
C:\Users\P1101_000\Documents\GamesDesignYear4\GamePhysics\Bullet\build\vs2010\obj\x32\Debug\BulletCollision\CL.8608.write.1.tlog
C:\Users\P1101_000\Documents\GamesDesignYear4\GamePhysics\Bullet\build\vs2010\obj\x32\Debug\BulletCollision\CL.9764.read.1.tlog
C:\Users\P1101_000\Documents\GamesDesignYear4\GamePhysics\Bullet\build\vs2010\obj\x32\Debug\BulletCollision\CL.9764.write.1.tlog
C:\Users\P1101_000\Documents\GamesDesignYear4\GamePhysics\Bullet\build\vs2010\obj\x32\Debug\BulletCollision\cl.command.1.tlog
C:\Users\P1101_000\Documents\GamesDesignYear4\GamePhysics\Bullet\build\vs2010\obj\x32\Debug\BulletCollision\CL.read.1.tlog
C:\Users\P1101_000\Documents\GamesDesignYear4\GamePhysics\Bullet\build\vs2010\obj\x32\Debug\BulletCollision\cl.write.1.tlog
C:\Users\P1101_000\Documents\GamesDesignYear4\GamePhysics\Bullet\build\vs2010\obj\x32\Debug\BulletCollision\Lib-link.read.1.tlog
C:\Users\P1101_000\Documents\GamesDesignYear4\GamePhysics\Bullet\build\vs2010\obj\x32\Debug\BulletCollision\Lib-link.write.1.tlog
C:\Users\P1101_000\Documents\GamesDesignYear4\GamePhysics\Bullet\build\vs2010\obj\x32\Debug\BulletCollision\lib.command.1.tlog
C:\Users\P1101_000\Documents\GamesDesignYear4\GamePhysics\Bullet\build\vs2010\..\..\lib\BulletCollision_vs2010_debug.lib
