C:\USERS\P1101_000\DOCUMENTS\GAMESDESIGNYEAR4\GAMEPHYSICS\BULLET\LIB\BULLETDYNAMICS_VS2010_DEBUG.PDB
C:\USERS\P1101_000\DOCUMENTS\GAMESDESIGNYEAR4\GAMEPHYSICS\BULLET\LIB\BULLETDYNAMICS_VS2010_DEBUG.LIB
C:\Users\P1101_000\Documents\GamesDesignYear4\GamePhysics\Bullet\build\vs2010\obj\x32\Debug\BulletDynamics\btConeTwistConstraint.obj
C:\Users\P1101_000\Documents\GamesDesignYear4\GamePhysics\Bullet\build\vs2010\obj\x32\Debug\BulletDynamics\btContactConstraint.obj
C:\Users\P1101_000\Documents\GamesDesignYear4\GamePhysics\Bullet\build\vs2010\obj\x32\Debug\BulletDynamics\btDiscreteDynamicsWorld.obj
C:\Users\P1101_000\Documents\GamesDesignYear4\GamePhysics\Bullet\build\vs2010\obj\x32\Debug\BulletDynamics\btGearConstraint.obj
C:\Users\P1101_000\Documents\GamesDesignYear4\GamePhysics\Bullet\build\vs2010\obj\x32\Debug\BulletDynamics\btGeneric6DofConstraint.obj
C:\Users\P1101_000\Documents\GamesDesignYear4\GamePhysics\Bullet\build\vs2010\obj\x32\Debug\BulletDynamics\btGeneric6DofSpringConstraint.obj
C:\Users\P1101_000\Documents\GamesDesignYear4\GamePhysics\Bullet\build\vs2010\obj\x32\Debug\BulletDynamics\btHinge2Constraint.obj
C:\Users\P1101_000\Documents\GamesDesignYear4\GamePhysics\Bullet\build\vs2010\obj\x32\Debug\BulletDynamics\btHingeConstraint.obj
C:\Users\P1101_000\Documents\GamesDesignYear4\GamePhysics\Bullet\build\vs2010\obj\x32\Debug\BulletDynamics\btKinematicCharacterController.obj
C:\Users\P1101_000\Documents\GamesDesignYear4\GamePhysics\Bullet\build\vs2010\obj\x32\Debug\BulletDynamics\btPoint2PointConstraint.obj
C:\Users\P1101_000\Documents\GamesDesignYear4\GamePhysics\Bullet\build\vs2010\obj\x32\Debug\BulletDynamics\btRaycastVehicle.obj
C:\Users\P1101_000\Documents\GamesDesignYear4\GamePhysics\Bullet\build\vs2010\obj\x32\Debug\BulletDynamics\btRigidBody.obj
C:\Users\P1101_000\Documents\GamesDesignYear4\GamePhysics\Bullet\build\vs2010\obj\x32\Debug\BulletDynamics\btSequentialImpulseConstraintSolver.obj
C:\Users\P1101_000\Documents\GamesDesignYear4\GamePhysics\Bullet\build\vs2010\obj\x32\Debug\BulletDynamics\btSimpleDynamicsWorld.obj
C:\Users\P1101_000\Documents\GamesDesignYear4\GamePhysics\Bullet\build\vs2010\obj\x32\Debug\BulletDynamics\btSliderConstraint.obj
C:\Users\P1101_000\Documents\GamesDesignYear4\GamePhysics\Bullet\build\vs2010\obj\x32\Debug\BulletDynamics\btSolve2LinearConstraint.obj
C:\Users\P1101_000\Documents\GamesDesignYear4\GamePhysics\Bullet\build\vs2010\obj\x32\Debug\BulletDynamics\btTypedConstraint.obj
C:\Users\P1101_000\Documents\GamesDesignYear4\GamePhysics\Bullet\build\vs2010\obj\x32\Debug\BulletDynamics\btUniversalConstraint.obj
C:\Users\P1101_000\Documents\GamesDesignYear4\GamePhysics\Bullet\build\vs2010\obj\x32\Debug\BulletDynamics\btWheelInfo.obj
C:\Users\P1101_000\Documents\GamesDesignYear4\GamePhysics\Bullet\build\vs2010\obj\x32\Debug\BulletDynamics\Bullet-C-API.obj
C:\Users\P1101_000\Documents\GamesDesignYear4\GamePhysics\Bullet\build\vs2010\obj\x32\Debug\BulletDynamics\CL.4744.read.1.tlog
C:\Users\P1101_000\Documents\GamesDesignYear4\GamePhysics\Bullet\build\vs2010\obj\x32\Debug\BulletDynamics\CL.4744.write.1.tlog
C:\Users\P1101_000\Documents\GamesDesignYear4\GamePhysics\Bullet\build\vs2010\obj\x32\Debug\BulletDynamics\CL.5444.read.1.tlog
C:\Users\P1101_000\Documents\GamesDesignYear4\GamePhysics\Bullet\build\vs2010\obj\x32\Debug\BulletDynamics\CL.5444.write.1.tlog
C:\Users\P1101_000\Documents\GamesDesignYear4\GamePhysics\Bullet\build\vs2010\obj\x32\Debug\BulletDynamics\CL.6492.read.1.tlog
C:\Users\P1101_000\Documents\GamesDesignYear4\GamePhysics\Bullet\build\vs2010\obj\x32\Debug\BulletDynamics\CL.6492.write.1.tlog
C:\Users\P1101_000\Documents\GamesDesignYear4\GamePhysics\Bullet\build\vs2010\obj\x32\Debug\BulletDynamics\CL.6624.read.1.tlog
C:\Users\P1101_000\Documents\GamesDesignYear4\GamePhysics\Bullet\build\vs2010\obj\x32\Debug\BulletDynamics\CL.6624.write.1.tlog
C:\Users\P1101_000\Documents\GamesDesignYear4\GamePhysics\Bullet\build\vs2010\obj\x32\Debug\BulletDynamics\CL.6736.read.1.tlog
C:\Users\P1101_000\Documents\GamesDesignYear4\GamePhysics\Bullet\build\vs2010\obj\x32\Debug\BulletDynamics\CL.6736.write.1.tlog
C:\Users\P1101_000\Documents\GamesDesignYear4\GamePhysics\Bullet\build\vs2010\obj\x32\Debug\BulletDynamics\CL.8024.read.1.tlog
C:\Users\P1101_000\Documents\GamesDesignYear4\GamePhysics\Bullet\build\vs2010\obj\x32\Debug\BulletDynamics\CL.8024.write.1.tlog
C:\Users\P1101_000\Documents\GamesDesignYear4\GamePhysics\Bullet\build\vs2010\obj\x32\Debug\BulletDynamics\CL.8764.read.1.tlog
C:\Users\P1101_000\Documents\GamesDesignYear4\GamePhysics\Bullet\build\vs2010\obj\x32\Debug\BulletDynamics\CL.8764.write.1.tlog
C:\Users\P1101_000\Documents\GamesDesignYear4\GamePhysics\Bullet\build\vs2010\obj\x32\Debug\BulletDynamics\CL.9208.read.1.tlog
C:\Users\P1101_000\Documents\GamesDesignYear4\GamePhysics\Bullet\build\vs2010\obj\x32\Debug\BulletDynamics\CL.9208.write.1.tlog
C:\Users\P1101_000\Documents\GamesDesignYear4\GamePhysics\Bullet\build\vs2010\obj\x32\Debug\BulletDynamics\cl.command.1.tlog
C:\Users\P1101_000\Documents\GamesDesignYear4\GamePhysics\Bullet\build\vs2010\obj\x32\Debug\BulletDynamics\CL.read.1.tlog
C:\Users\P1101_000\Documents\GamesDesignYear4\GamePhysics\Bullet\build\vs2010\obj\x32\Debug\BulletDynamics\cl.write.1.tlog
C:\Users\P1101_000\Documents\GamesDesignYear4\GamePhysics\Bullet\build\vs2010\obj\x32\Debug\BulletDynamics\Lib-link.read.1.tlog
C:\Users\P1101_000\Documents\GamesDesignYear4\GamePhysics\Bullet\build\vs2010\obj\x32\Debug\BulletDynamics\Lib-link.write.1.tlog
C:\Users\P1101_000\Documents\GamesDesignYear4\GamePhysics\Bullet\build\vs2010\obj\x32\Debug\BulletDynamics\lib.command.1.tlog
C:\Users\P1101_000\Documents\GamesDesignYear4\GamePhysics\Bullet\build\vs2010\..\..\lib\BulletDynamics_vs2010_debug.lib
