C:\USERS\P1101_000\DOCUMENTS\GAMESDESIGNYEAR4\GAMEPHYSICS\BULLET\BUILD\VS2010\OBJ\X32\DEBUG\LINEARMATH\BTGEOMETRYUTIL.OBJ
C:\USERS\P1101_000\DOCUMENTS\GAMESDESIGNYEAR4\GAMEPHYSICS\BULLET\BUILD\VS2010\OBJ\X32\DEBUG\LINEARMATH\BTPOLARDECOMPOSITION.OBJ
C:\USERS\P1101_000\DOCUMENTS\GAMESDESIGNYEAR4\GAMEPHYSICS\BULLET\BUILD\VS2010\OBJ\X32\DEBUG\LINEARMATH\BTCONVEXHULL.OBJ
C:\USERS\P1101_000\DOCUMENTS\GAMESDESIGNYEAR4\GAMEPHYSICS\BULLET\BUILD\VS2010\OBJ\X32\DEBUG\LINEARMATH\BTCONVEXHULLCOMPUTER.OBJ
C:\USERS\P1101_000\DOCUMENTS\GAMESDESIGNYEAR4\GAMEPHYSICS\BULLET\BUILD\VS2010\OBJ\X32\DEBUG\LINEARMATH\BTALIGNEDALLOCATOR.OBJ
C:\USERS\P1101_000\DOCUMENTS\GAMESDESIGNYEAR4\GAMEPHYSICS\BULLET\BUILD\VS2010\OBJ\X32\DEBUG\LINEARMATH\BTSERIALIZER.OBJ
C:\USERS\P1101_000\DOCUMENTS\GAMESDESIGNYEAR4\GAMEPHYSICS\BULLET\BUILD\VS2010\OBJ\X32\DEBUG\LINEARMATH\BTQUICKPROF.OBJ
C:\USERS\P1101_000\DOCUMENTS\GAMESDESIGNYEAR4\GAMEPHYSICS\BULLET\BUILD\VS2010\OBJ\X32\DEBUG\LINEARMATH\BTVECTOR3.OBJ
C:\USERS\P1101_000\DOCUMENTS\GAMESDESIGNYEAR4\GAMEPHYSICS\BULLET\LIB\LINEARMATH_VS2010_DEBUG.PDB
C:\USERS\ANTO\DOCUMENTS\GAMESDESIGNYEAR4\GAMEPHYSICS\ASTEROIDCLOUD\ASTEROIDCLOUD\BULLET\BUILD\VS2010\OBJ\X32\DEBUG\LINEARMATH\BTCONVEXHULL.OBJ
C:\USERS\ANTO\DOCUMENTS\GAMESDESIGNYEAR4\GAMEPHYSICS\ASTEROIDCLOUD\ASTEROIDCLOUD\BULLET\BUILD\VS2010\OBJ\X32\DEBUG\LINEARMATH\BTSERIALIZER.OBJ
C:\USERS\ANTO\DOCUMENTS\GAMESDESIGNYEAR4\GAMEPHYSICS\ASTEROIDCLOUD\ASTEROIDCLOUD\BULLET\BUILD\VS2010\OBJ\X32\DEBUG\LINEARMATH\BTGEOMETRYUTIL.OBJ
C:\USERS\ANTO\DOCUMENTS\GAMESDESIGNYEAR4\GAMEPHYSICS\ASTEROIDCLOUD\ASTEROIDCLOUD\BULLET\BUILD\VS2010\OBJ\X32\DEBUG\LINEARMATH\BTVECTOR3.OBJ
C:\USERS\ANTO\DOCUMENTS\GAMESDESIGNYEAR4\GAMEPHYSICS\ASTEROIDCLOUD\ASTEROIDCLOUD\BULLET\BUILD\VS2010\OBJ\X32\DEBUG\LINEARMATH\BTQUICKPROF.OBJ
C:\USERS\ANTO\DOCUMENTS\GAMESDESIGNYEAR4\GAMEPHYSICS\ASTEROIDCLOUD\ASTEROIDCLOUD\BULLET\BUILD\VS2010\OBJ\X32\DEBUG\LINEARMATH\BTPOLARDECOMPOSITION.OBJ
C:\USERS\ANTO\DOCUMENTS\GAMESDESIGNYEAR4\GAMEPHYSICS\ASTEROIDCLOUD\ASTEROIDCLOUD\BULLET\BUILD\VS2010\OBJ\X32\DEBUG\LINEARMATH\BTALIGNEDALLOCATOR.OBJ
C:\USERS\ANTO\DOCUMENTS\GAMESDESIGNYEAR4\GAMEPHYSICS\ASTEROIDCLOUD\ASTEROIDCLOUD\BULLET\BUILD\VS2010\OBJ\X32\DEBUG\LINEARMATH\BTCONVEXHULLCOMPUTER.OBJ
C:\USERS\ANTO\DOCUMENTS\GAMESDESIGNYEAR4\GAMEPHYSICS\ASTEROIDCLOUD\ASTEROIDCLOUD\BULLET\LIB\LINEARMATH_VS2010_DEBUG.PDB
C:\USERS\P1101_000\DOCUMENTS\GAMESDESIGNYEAR4\GAMEPHYSICS\BULLET\LIB\LINEARMATH_VS2010_DEBUG.LIB
C:\USERS\ANTO\DOCUMENTS\GAMESDESIGNYEAR4\GAMEPHYSICS\ASTEROIDCLOUD\ASTEROIDCLOUD\BULLET\LIB\LINEARMATH_VS2010_DEBUG.LIB
C:\Users\Anto\Documents\GamesDesignYear4\GamePhysics\AsteroidCloud\AsteroidCloud\Bullet\build\vs2010\obj\x32\Debug\LinearMath\btAlignedAllocator.obj
C:\Users\Anto\Documents\GamesDesignYear4\GamePhysics\AsteroidCloud\AsteroidCloud\Bullet\build\vs2010\obj\x32\Debug\LinearMath\btConvexHull.obj
C:\Users\Anto\Documents\GamesDesignYear4\GamePhysics\AsteroidCloud\AsteroidCloud\Bullet\build\vs2010\obj\x32\Debug\LinearMath\btConvexHullComputer.obj
C:\Users\Anto\Documents\GamesDesignYear4\GamePhysics\AsteroidCloud\AsteroidCloud\Bullet\build\vs2010\obj\x32\Debug\LinearMath\btGeometryUtil.obj
C:\Users\Anto\Documents\GamesDesignYear4\GamePhysics\AsteroidCloud\AsteroidCloud\Bullet\build\vs2010\obj\x32\Debug\LinearMath\btPolarDecomposition.obj
C:\Users\Anto\Documents\GamesDesignYear4\GamePhysics\AsteroidCloud\AsteroidCloud\Bullet\build\vs2010\obj\x32\Debug\LinearMath\btQuickprof.obj
C:\Users\Anto\Documents\GamesDesignYear4\GamePhysics\AsteroidCloud\AsteroidCloud\Bullet\build\vs2010\obj\x32\Debug\LinearMath\btSerializer.obj
C:\Users\Anto\Documents\GamesDesignYear4\GamePhysics\AsteroidCloud\AsteroidCloud\Bullet\build\vs2010\obj\x32\Debug\LinearMath\btVector3.obj
C:\Users\Anto\Documents\GamesDesignYear4\GamePhysics\AsteroidCloud\AsteroidCloud\Bullet\build\vs2010\obj\x32\Debug\LinearMath\CL.10148.read.1.tlog
C:\Users\Anto\Documents\GamesDesignYear4\GamePhysics\AsteroidCloud\AsteroidCloud\Bullet\build\vs2010\obj\x32\Debug\LinearMath\CL.10148.write.1.tlog
C:\Users\Anto\Documents\GamesDesignYear4\GamePhysics\AsteroidCloud\AsteroidCloud\Bullet\build\vs2010\obj\x32\Debug\LinearMath\CL.10704.read.1.tlog
C:\Users\Anto\Documents\GamesDesignYear4\GamePhysics\AsteroidCloud\AsteroidCloud\Bullet\build\vs2010\obj\x32\Debug\LinearMath\CL.10704.write.1.tlog
C:\Users\Anto\Documents\GamesDesignYear4\GamePhysics\AsteroidCloud\AsteroidCloud\Bullet\build\vs2010\obj\x32\Debug\LinearMath\CL.12596.read.1.tlog
C:\Users\Anto\Documents\GamesDesignYear4\GamePhysics\AsteroidCloud\AsteroidCloud\Bullet\build\vs2010\obj\x32\Debug\LinearMath\CL.12596.write.1.tlog
C:\Users\Anto\Documents\GamesDesignYear4\GamePhysics\AsteroidCloud\AsteroidCloud\Bullet\build\vs2010\obj\x32\Debug\LinearMath\CL.13208.read.1.tlog
C:\Users\Anto\Documents\GamesDesignYear4\GamePhysics\AsteroidCloud\AsteroidCloud\Bullet\build\vs2010\obj\x32\Debug\LinearMath\CL.13208.write.1.tlog
C:\Users\Anto\Documents\GamesDesignYear4\GamePhysics\AsteroidCloud\AsteroidCloud\Bullet\build\vs2010\obj\x32\Debug\LinearMath\CL.13412.read.1.tlog
C:\Users\Anto\Documents\GamesDesignYear4\GamePhysics\AsteroidCloud\AsteroidCloud\Bullet\build\vs2010\obj\x32\Debug\LinearMath\CL.13412.write.1.tlog
C:\Users\Anto\Documents\GamesDesignYear4\GamePhysics\AsteroidCloud\AsteroidCloud\Bullet\build\vs2010\obj\x32\Debug\LinearMath\CL.13848.read.1.tlog
C:\Users\Anto\Documents\GamesDesignYear4\GamePhysics\AsteroidCloud\AsteroidCloud\Bullet\build\vs2010\obj\x32\Debug\LinearMath\CL.13848.write.1.tlog
C:\Users\Anto\Documents\GamesDesignYear4\GamePhysics\AsteroidCloud\AsteroidCloud\Bullet\build\vs2010\obj\x32\Debug\LinearMath\CL.14064.read.1.tlog
C:\Users\Anto\Documents\GamesDesignYear4\GamePhysics\AsteroidCloud\AsteroidCloud\Bullet\build\vs2010\obj\x32\Debug\LinearMath\CL.14064.write.1.tlog
C:\Users\Anto\Documents\GamesDesignYear4\GamePhysics\AsteroidCloud\AsteroidCloud\Bullet\build\vs2010\obj\x32\Debug\LinearMath\CL.14252.read.1.tlog
C:\Users\Anto\Documents\GamesDesignYear4\GamePhysics\AsteroidCloud\AsteroidCloud\Bullet\build\vs2010\obj\x32\Debug\LinearMath\CL.14252.write.1.tlog
C:\Users\Anto\Documents\GamesDesignYear4\GamePhysics\AsteroidCloud\AsteroidCloud\Bullet\build\vs2010\obj\x32\Debug\LinearMath\CL.14460.read.1.tlog
C:\Users\Anto\Documents\GamesDesignYear4\GamePhysics\AsteroidCloud\AsteroidCloud\Bullet\build\vs2010\obj\x32\Debug\LinearMath\CL.14460.write.1.tlog
C:\Users\Anto\Documents\GamesDesignYear4\GamePhysics\AsteroidCloud\AsteroidCloud\Bullet\build\vs2010\obj\x32\Debug\LinearMath\CL.1520.read.1.tlog
C:\Users\Anto\Documents\GamesDesignYear4\GamePhysics\AsteroidCloud\AsteroidCloud\Bullet\build\vs2010\obj\x32\Debug\LinearMath\CL.1520.write.1.tlog
C:\Users\Anto\Documents\GamesDesignYear4\GamePhysics\AsteroidCloud\AsteroidCloud\Bullet\build\vs2010\obj\x32\Debug\LinearMath\CL.15224.read.1.tlog
C:\Users\Anto\Documents\GamesDesignYear4\GamePhysics\AsteroidCloud\AsteroidCloud\Bullet\build\vs2010\obj\x32\Debug\LinearMath\CL.15224.write.1.tlog
C:\Users\Anto\Documents\GamesDesignYear4\GamePhysics\AsteroidCloud\AsteroidCloud\Bullet\build\vs2010\obj\x32\Debug\LinearMath\CL.15244.read.1.tlog
C:\Users\Anto\Documents\GamesDesignYear4\GamePhysics\AsteroidCloud\AsteroidCloud\Bullet\build\vs2010\obj\x32\Debug\LinearMath\CL.15244.write.1.tlog
C:\Users\Anto\Documents\GamesDesignYear4\GamePhysics\AsteroidCloud\AsteroidCloud\Bullet\build\vs2010\obj\x32\Debug\LinearMath\CL.15368.read.1.tlog
C:\Users\Anto\Documents\GamesDesignYear4\GamePhysics\AsteroidCloud\AsteroidCloud\Bullet\build\vs2010\obj\x32\Debug\LinearMath\CL.15368.write.1.tlog
C:\Users\Anto\Documents\GamesDesignYear4\GamePhysics\AsteroidCloud\AsteroidCloud\Bullet\build\vs2010\obj\x32\Debug\LinearMath\CL.15376.read.1.tlog
C:\Users\Anto\Documents\GamesDesignYear4\GamePhysics\AsteroidCloud\AsteroidCloud\Bullet\build\vs2010\obj\x32\Debug\LinearMath\CL.15376.write.1.tlog
C:\Users\Anto\Documents\GamesDesignYear4\GamePhysics\AsteroidCloud\AsteroidCloud\Bullet\build\vs2010\obj\x32\Debug\LinearMath\CL.15392.read.1.tlog
C:\Users\Anto\Documents\GamesDesignYear4\GamePhysics\AsteroidCloud\AsteroidCloud\Bullet\build\vs2010\obj\x32\Debug\LinearMath\CL.15392.write.1.tlog
C:\Users\Anto\Documents\GamesDesignYear4\GamePhysics\AsteroidCloud\AsteroidCloud\Bullet\build\vs2010\obj\x32\Debug\LinearMath\CL.15516.read.1.tlog
C:\Users\Anto\Documents\GamesDesignYear4\GamePhysics\AsteroidCloud\AsteroidCloud\Bullet\build\vs2010\obj\x32\Debug\LinearMath\CL.15516.write.1.tlog
C:\Users\Anto\Documents\GamesDesignYear4\GamePhysics\AsteroidCloud\AsteroidCloud\Bullet\build\vs2010\obj\x32\Debug\LinearMath\CL.16308.read.1.tlog
C:\Users\Anto\Documents\GamesDesignYear4\GamePhysics\AsteroidCloud\AsteroidCloud\Bullet\build\vs2010\obj\x32\Debug\LinearMath\CL.16308.write.1.tlog
C:\Users\Anto\Documents\GamesDesignYear4\GamePhysics\AsteroidCloud\AsteroidCloud\Bullet\build\vs2010\obj\x32\Debug\LinearMath\CL.2616.read.1.tlog
C:\Users\Anto\Documents\GamesDesignYear4\GamePhysics\AsteroidCloud\AsteroidCloud\Bullet\build\vs2010\obj\x32\Debug\LinearMath\CL.2616.write.1.tlog
C:\Users\Anto\Documents\GamesDesignYear4\GamePhysics\AsteroidCloud\AsteroidCloud\Bullet\build\vs2010\obj\x32\Debug\LinearMath\CL.2772.read.1.tlog
C:\Users\Anto\Documents\GamesDesignYear4\GamePhysics\AsteroidCloud\AsteroidCloud\Bullet\build\vs2010\obj\x32\Debug\LinearMath\CL.2772.write.1.tlog
C:\Users\Anto\Documents\GamesDesignYear4\GamePhysics\AsteroidCloud\AsteroidCloud\Bullet\build\vs2010\obj\x32\Debug\LinearMath\CL.2860.read.1.tlog
C:\Users\Anto\Documents\GamesDesignYear4\GamePhysics\AsteroidCloud\AsteroidCloud\Bullet\build\vs2010\obj\x32\Debug\LinearMath\CL.2860.write.1.tlog
C:\Users\Anto\Documents\GamesDesignYear4\GamePhysics\AsteroidCloud\AsteroidCloud\Bullet\build\vs2010\obj\x32\Debug\LinearMath\CL.3272.read.1.tlog
C:\Users\Anto\Documents\GamesDesignYear4\GamePhysics\AsteroidCloud\AsteroidCloud\Bullet\build\vs2010\obj\x32\Debug\LinearMath\CL.3272.write.1.tlog
C:\Users\Anto\Documents\GamesDesignYear4\GamePhysics\AsteroidCloud\AsteroidCloud\Bullet\build\vs2010\obj\x32\Debug\LinearMath\CL.3428.read.1.tlog
C:\Users\Anto\Documents\GamesDesignYear4\GamePhysics\AsteroidCloud\AsteroidCloud\Bullet\build\vs2010\obj\x32\Debug\LinearMath\CL.3428.write.1.tlog
C:\Users\Anto\Documents\GamesDesignYear4\GamePhysics\AsteroidCloud\AsteroidCloud\Bullet\build\vs2010\obj\x32\Debug\LinearMath\CL.4300.read.1.tlog
C:\Users\Anto\Documents\GamesDesignYear4\GamePhysics\AsteroidCloud\AsteroidCloud\Bullet\build\vs2010\obj\x32\Debug\LinearMath\CL.4300.write.1.tlog
C:\Users\Anto\Documents\GamesDesignYear4\GamePhysics\AsteroidCloud\AsteroidCloud\Bullet\build\vs2010\obj\x32\Debug\LinearMath\CL.4468.read.1.tlog
C:\Users\Anto\Documents\GamesDesignYear4\GamePhysics\AsteroidCloud\AsteroidCloud\Bullet\build\vs2010\obj\x32\Debug\LinearMath\CL.4468.write.1.tlog
C:\Users\Anto\Documents\GamesDesignYear4\GamePhysics\AsteroidCloud\AsteroidCloud\Bullet\build\vs2010\obj\x32\Debug\LinearMath\CL.4736.read.1.tlog
C:\Users\Anto\Documents\GamesDesignYear4\GamePhysics\AsteroidCloud\AsteroidCloud\Bullet\build\vs2010\obj\x32\Debug\LinearMath\CL.4736.write.1.tlog
C:\Users\Anto\Documents\GamesDesignYear4\GamePhysics\AsteroidCloud\AsteroidCloud\Bullet\build\vs2010\obj\x32\Debug\LinearMath\CL.4800.read.1.tlog
C:\Users\Anto\Documents\GamesDesignYear4\GamePhysics\AsteroidCloud\AsteroidCloud\Bullet\build\vs2010\obj\x32\Debug\LinearMath\CL.4800.write.1.tlog
C:\Users\Anto\Documents\GamesDesignYear4\GamePhysics\AsteroidCloud\AsteroidCloud\Bullet\build\vs2010\obj\x32\Debug\LinearMath\CL.4992.read.1.tlog
C:\Users\Anto\Documents\GamesDesignYear4\GamePhysics\AsteroidCloud\AsteroidCloud\Bullet\build\vs2010\obj\x32\Debug\LinearMath\CL.4992.write.1.tlog
C:\Users\Anto\Documents\GamesDesignYear4\GamePhysics\AsteroidCloud\AsteroidCloud\Bullet\build\vs2010\obj\x32\Debug\LinearMath\CL.5352.read.1.tlog
C:\Users\Anto\Documents\GamesDesignYear4\GamePhysics\AsteroidCloud\AsteroidCloud\Bullet\build\vs2010\obj\x32\Debug\LinearMath\CL.5352.write.1.tlog
C:\Users\Anto\Documents\GamesDesignYear4\GamePhysics\AsteroidCloud\AsteroidCloud\Bullet\build\vs2010\obj\x32\Debug\LinearMath\CL.5404.read.1.tlog
C:\Users\Anto\Documents\GamesDesignYear4\GamePhysics\AsteroidCloud\AsteroidCloud\Bullet\build\vs2010\obj\x32\Debug\LinearMath\CL.5404.write.1.tlog
C:\Users\Anto\Documents\GamesDesignYear4\GamePhysics\AsteroidCloud\AsteroidCloud\Bullet\build\vs2010\obj\x32\Debug\LinearMath\CL.5536.read.1.tlog
C:\Users\Anto\Documents\GamesDesignYear4\GamePhysics\AsteroidCloud\AsteroidCloud\Bullet\build\vs2010\obj\x32\Debug\LinearMath\CL.5536.write.1.tlog
C:\Users\Anto\Documents\GamesDesignYear4\GamePhysics\AsteroidCloud\AsteroidCloud\Bullet\build\vs2010\obj\x32\Debug\LinearMath\CL.5544.read.1.tlog
C:\Users\Anto\Documents\GamesDesignYear4\GamePhysics\AsteroidCloud\AsteroidCloud\Bullet\build\vs2010\obj\x32\Debug\LinearMath\CL.5544.write.1.tlog
C:\Users\Anto\Documents\GamesDesignYear4\GamePhysics\AsteroidCloud\AsteroidCloud\Bullet\build\vs2010\obj\x32\Debug\LinearMath\CL.5792.read.1.tlog
C:\Users\Anto\Documents\GamesDesignYear4\GamePhysics\AsteroidCloud\AsteroidCloud\Bullet\build\vs2010\obj\x32\Debug\LinearMath\CL.5792.write.1.tlog
C:\Users\Anto\Documents\GamesDesignYear4\GamePhysics\AsteroidCloud\AsteroidCloud\Bullet\build\vs2010\obj\x32\Debug\LinearMath\CL.5888.read.1.tlog
C:\Users\Anto\Documents\GamesDesignYear4\GamePhysics\AsteroidCloud\AsteroidCloud\Bullet\build\vs2010\obj\x32\Debug\LinearMath\CL.5888.write.1.tlog
C:\Users\Anto\Documents\GamesDesignYear4\GamePhysics\AsteroidCloud\AsteroidCloud\Bullet\build\vs2010\obj\x32\Debug\LinearMath\CL.5980.read.1.tlog
C:\Users\Anto\Documents\GamesDesignYear4\GamePhysics\AsteroidCloud\AsteroidCloud\Bullet\build\vs2010\obj\x32\Debug\LinearMath\CL.5980.write.1.tlog
C:\Users\Anto\Documents\GamesDesignYear4\GamePhysics\AsteroidCloud\AsteroidCloud\Bullet\build\vs2010\obj\x32\Debug\LinearMath\CL.6300.read.1.tlog
C:\Users\Anto\Documents\GamesDesignYear4\GamePhysics\AsteroidCloud\AsteroidCloud\Bullet\build\vs2010\obj\x32\Debug\LinearMath\CL.6300.write.1.tlog
C:\Users\Anto\Documents\GamesDesignYear4\GamePhysics\AsteroidCloud\AsteroidCloud\Bullet\build\vs2010\obj\x32\Debug\LinearMath\CL.6536.read.1.tlog
C:\Users\Anto\Documents\GamesDesignYear4\GamePhysics\AsteroidCloud\AsteroidCloud\Bullet\build\vs2010\obj\x32\Debug\LinearMath\CL.6536.write.1.tlog
C:\Users\Anto\Documents\GamesDesignYear4\GamePhysics\AsteroidCloud\AsteroidCloud\Bullet\build\vs2010\obj\x32\Debug\LinearMath\CL.6572.read.1.tlog
C:\Users\Anto\Documents\GamesDesignYear4\GamePhysics\AsteroidCloud\AsteroidCloud\Bullet\build\vs2010\obj\x32\Debug\LinearMath\CL.6572.write.1.tlog
C:\Users\Anto\Documents\GamesDesignYear4\GamePhysics\AsteroidCloud\AsteroidCloud\Bullet\build\vs2010\obj\x32\Debug\LinearMath\CL.6588.read.1.tlog
C:\Users\Anto\Documents\GamesDesignYear4\GamePhysics\AsteroidCloud\AsteroidCloud\Bullet\build\vs2010\obj\x32\Debug\LinearMath\CL.6588.write.1.tlog
C:\Users\Anto\Documents\GamesDesignYear4\GamePhysics\AsteroidCloud\AsteroidCloud\Bullet\build\vs2010\obj\x32\Debug\LinearMath\CL.6608.read.1.tlog
C:\Users\Anto\Documents\GamesDesignYear4\GamePhysics\AsteroidCloud\AsteroidCloud\Bullet\build\vs2010\obj\x32\Debug\LinearMath\CL.6608.write.1.tlog
C:\Users\Anto\Documents\GamesDesignYear4\GamePhysics\AsteroidCloud\AsteroidCloud\Bullet\build\vs2010\obj\x32\Debug\LinearMath\CL.6868.read.1.tlog
C:\Users\Anto\Documents\GamesDesignYear4\GamePhysics\AsteroidCloud\AsteroidCloud\Bullet\build\vs2010\obj\x32\Debug\LinearMath\CL.6868.write.1.tlog
C:\Users\Anto\Documents\GamesDesignYear4\GamePhysics\AsteroidCloud\AsteroidCloud\Bullet\build\vs2010\obj\x32\Debug\LinearMath\CL.6964.read.1.tlog
C:\Users\Anto\Documents\GamesDesignYear4\GamePhysics\AsteroidCloud\AsteroidCloud\Bullet\build\vs2010\obj\x32\Debug\LinearMath\CL.6964.write.1.tlog
C:\Users\Anto\Documents\GamesDesignYear4\GamePhysics\AsteroidCloud\AsteroidCloud\Bullet\build\vs2010\obj\x32\Debug\LinearMath\CL.7140.read.1.tlog
C:\Users\Anto\Documents\GamesDesignYear4\GamePhysics\AsteroidCloud\AsteroidCloud\Bullet\build\vs2010\obj\x32\Debug\LinearMath\CL.7140.write.1.tlog
C:\Users\Anto\Documents\GamesDesignYear4\GamePhysics\AsteroidCloud\AsteroidCloud\Bullet\build\vs2010\obj\x32\Debug\LinearMath\CL.7448.read.1.tlog
C:\Users\Anto\Documents\GamesDesignYear4\GamePhysics\AsteroidCloud\AsteroidCloud\Bullet\build\vs2010\obj\x32\Debug\LinearMath\CL.7448.write.1.tlog
C:\Users\Anto\Documents\GamesDesignYear4\GamePhysics\AsteroidCloud\AsteroidCloud\Bullet\build\vs2010\obj\x32\Debug\LinearMath\CL.7660.read.1.tlog
C:\Users\Anto\Documents\GamesDesignYear4\GamePhysics\AsteroidCloud\AsteroidCloud\Bullet\build\vs2010\obj\x32\Debug\LinearMath\CL.7660.write.1.tlog
C:\Users\Anto\Documents\GamesDesignYear4\GamePhysics\AsteroidCloud\AsteroidCloud\Bullet\build\vs2010\obj\x32\Debug\LinearMath\CL.7720.read.1.tlog
C:\Users\Anto\Documents\GamesDesignYear4\GamePhysics\AsteroidCloud\AsteroidCloud\Bullet\build\vs2010\obj\x32\Debug\LinearMath\CL.7720.write.1.tlog
C:\Users\Anto\Documents\GamesDesignYear4\GamePhysics\AsteroidCloud\AsteroidCloud\Bullet\build\vs2010\obj\x32\Debug\LinearMath\CL.7748.read.1.tlog
C:\Users\Anto\Documents\GamesDesignYear4\GamePhysics\AsteroidCloud\AsteroidCloud\Bullet\build\vs2010\obj\x32\Debug\LinearMath\CL.7748.write.1.tlog
C:\Users\Anto\Documents\GamesDesignYear4\GamePhysics\AsteroidCloud\AsteroidCloud\Bullet\build\vs2010\obj\x32\Debug\LinearMath\CL.7816.read.1.tlog
C:\Users\Anto\Documents\GamesDesignYear4\GamePhysics\AsteroidCloud\AsteroidCloud\Bullet\build\vs2010\obj\x32\Debug\LinearMath\CL.7816.write.1.tlog
C:\Users\Anto\Documents\GamesDesignYear4\GamePhysics\AsteroidCloud\AsteroidCloud\Bullet\build\vs2010\obj\x32\Debug\LinearMath\CL.7856.read.1.tlog
C:\Users\Anto\Documents\GamesDesignYear4\GamePhysics\AsteroidCloud\AsteroidCloud\Bullet\build\vs2010\obj\x32\Debug\LinearMath\CL.7856.write.1.tlog
C:\Users\Anto\Documents\GamesDesignYear4\GamePhysics\AsteroidCloud\AsteroidCloud\Bullet\build\vs2010\obj\x32\Debug\LinearMath\CL.8012.read.1.tlog
C:\Users\Anto\Documents\GamesDesignYear4\GamePhysics\AsteroidCloud\AsteroidCloud\Bullet\build\vs2010\obj\x32\Debug\LinearMath\CL.8012.write.1.tlog
C:\Users\Anto\Documents\GamesDesignYear4\GamePhysics\AsteroidCloud\AsteroidCloud\Bullet\build\vs2010\obj\x32\Debug\LinearMath\CL.8208.read.1.tlog
C:\Users\Anto\Documents\GamesDesignYear4\GamePhysics\AsteroidCloud\AsteroidCloud\Bullet\build\vs2010\obj\x32\Debug\LinearMath\CL.8208.write.1.tlog
C:\Users\Anto\Documents\GamesDesignYear4\GamePhysics\AsteroidCloud\AsteroidCloud\Bullet\build\vs2010\obj\x32\Debug\LinearMath\CL.8264.read.1.tlog
C:\Users\Anto\Documents\GamesDesignYear4\GamePhysics\AsteroidCloud\AsteroidCloud\Bullet\build\vs2010\obj\x32\Debug\LinearMath\CL.8264.write.1.tlog
C:\Users\Anto\Documents\GamesDesignYear4\GamePhysics\AsteroidCloud\AsteroidCloud\Bullet\build\vs2010\obj\x32\Debug\LinearMath\CL.8292.read.1.tlog
C:\Users\Anto\Documents\GamesDesignYear4\GamePhysics\AsteroidCloud\AsteroidCloud\Bullet\build\vs2010\obj\x32\Debug\LinearMath\CL.8292.write.1.tlog
C:\Users\Anto\Documents\GamesDesignYear4\GamePhysics\AsteroidCloud\AsteroidCloud\Bullet\build\vs2010\obj\x32\Debug\LinearMath\CL.8380.read.1.tlog
C:\Users\Anto\Documents\GamesDesignYear4\GamePhysics\AsteroidCloud\AsteroidCloud\Bullet\build\vs2010\obj\x32\Debug\LinearMath\CL.8380.write.1.tlog
C:\Users\Anto\Documents\GamesDesignYear4\GamePhysics\AsteroidCloud\AsteroidCloud\Bullet\build\vs2010\obj\x32\Debug\LinearMath\CL.8400.read.1.tlog
C:\Users\Anto\Documents\GamesDesignYear4\GamePhysics\AsteroidCloud\AsteroidCloud\Bullet\build\vs2010\obj\x32\Debug\LinearMath\CL.8400.write.1.tlog
C:\Users\Anto\Documents\GamesDesignYear4\GamePhysics\AsteroidCloud\AsteroidCloud\Bullet\build\vs2010\obj\x32\Debug\LinearMath\CL.8564.read.1.tlog
C:\Users\Anto\Documents\GamesDesignYear4\GamePhysics\AsteroidCloud\AsteroidCloud\Bullet\build\vs2010\obj\x32\Debug\LinearMath\CL.8564.write.1.tlog
C:\Users\Anto\Documents\GamesDesignYear4\GamePhysics\AsteroidCloud\AsteroidCloud\Bullet\build\vs2010\obj\x32\Debug\LinearMath\CL.8568.read.1.tlog
C:\Users\Anto\Documents\GamesDesignYear4\GamePhysics\AsteroidCloud\AsteroidCloud\Bullet\build\vs2010\obj\x32\Debug\LinearMath\CL.8568.write.1.tlog
C:\Users\Anto\Documents\GamesDesignYear4\GamePhysics\AsteroidCloud\AsteroidCloud\Bullet\build\vs2010\obj\x32\Debug\LinearMath\CL.8584.read.1.tlog
C:\Users\Anto\Documents\GamesDesignYear4\GamePhysics\AsteroidCloud\AsteroidCloud\Bullet\build\vs2010\obj\x32\Debug\LinearMath\CL.8584.write.1.tlog
C:\Users\Anto\Documents\GamesDesignYear4\GamePhysics\AsteroidCloud\AsteroidCloud\Bullet\build\vs2010\obj\x32\Debug\LinearMath\CL.8680.read.1.tlog
C:\Users\Anto\Documents\GamesDesignYear4\GamePhysics\AsteroidCloud\AsteroidCloud\Bullet\build\vs2010\obj\x32\Debug\LinearMath\CL.8680.write.1.tlog
C:\Users\Anto\Documents\GamesDesignYear4\GamePhysics\AsteroidCloud\AsteroidCloud\Bullet\build\vs2010\obj\x32\Debug\LinearMath\CL.8716.read.1.tlog
C:\Users\Anto\Documents\GamesDesignYear4\GamePhysics\AsteroidCloud\AsteroidCloud\Bullet\build\vs2010\obj\x32\Debug\LinearMath\CL.8716.write.1.tlog
C:\Users\Anto\Documents\GamesDesignYear4\GamePhysics\AsteroidCloud\AsteroidCloud\Bullet\build\vs2010\obj\x32\Debug\LinearMath\CL.8932.read.1.tlog
C:\Users\Anto\Documents\GamesDesignYear4\GamePhysics\AsteroidCloud\AsteroidCloud\Bullet\build\vs2010\obj\x32\Debug\LinearMath\CL.8932.write.1.tlog
C:\Users\Anto\Documents\GamesDesignYear4\GamePhysics\AsteroidCloud\AsteroidCloud\Bullet\build\vs2010\obj\x32\Debug\LinearMath\CL.9236.read.1.tlog
C:\Users\Anto\Documents\GamesDesignYear4\GamePhysics\AsteroidCloud\AsteroidCloud\Bullet\build\vs2010\obj\x32\Debug\LinearMath\CL.9236.write.1.tlog
C:\Users\Anto\Documents\GamesDesignYear4\GamePhysics\AsteroidCloud\AsteroidCloud\Bullet\build\vs2010\obj\x32\Debug\LinearMath\CL.9740.read.1.tlog
C:\Users\Anto\Documents\GamesDesignYear4\GamePhysics\AsteroidCloud\AsteroidCloud\Bullet\build\vs2010\obj\x32\Debug\LinearMath\CL.9740.write.1.tlog
C:\Users\Anto\Documents\GamesDesignYear4\GamePhysics\AsteroidCloud\AsteroidCloud\Bullet\build\vs2010\obj\x32\Debug\LinearMath\CL.9820.read.1.tlog
C:\Users\Anto\Documents\GamesDesignYear4\GamePhysics\AsteroidCloud\AsteroidCloud\Bullet\build\vs2010\obj\x32\Debug\LinearMath\CL.9820.write.1.tlog
C:\Users\Anto\Documents\GamesDesignYear4\GamePhysics\AsteroidCloud\AsteroidCloud\Bullet\build\vs2010\obj\x32\Debug\LinearMath\CL.9836.read.1.tlog
C:\Users\Anto\Documents\GamesDesignYear4\GamePhysics\AsteroidCloud\AsteroidCloud\Bullet\build\vs2010\obj\x32\Debug\LinearMath\CL.9836.write.1.tlog
C:\Users\Anto\Documents\GamesDesignYear4\GamePhysics\AsteroidCloud\AsteroidCloud\Bullet\build\vs2010\obj\x32\Debug\LinearMath\cl.command.1.tlog
C:\Users\Anto\Documents\GamesDesignYear4\GamePhysics\AsteroidCloud\AsteroidCloud\Bullet\build\vs2010\obj\x32\Debug\LinearMath\CL.read.1.tlog
C:\Users\Anto\Documents\GamesDesignYear4\GamePhysics\AsteroidCloud\AsteroidCloud\Bullet\build\vs2010\obj\x32\Debug\LinearMath\cl.write.1.tlog
C:\Users\Anto\Documents\GamesDesignYear4\GamePhysics\AsteroidCloud\AsteroidCloud\Bullet\build\vs2010\obj\x32\Debug\LinearMath\Lib-link.read.1.tlog
C:\Users\Anto\Documents\GamesDesignYear4\GamePhysics\AsteroidCloud\AsteroidCloud\Bullet\build\vs2010\obj\x32\Debug\LinearMath\Lib-link.write.1.tlog
C:\Users\Anto\Documents\GamesDesignYear4\GamePhysics\AsteroidCloud\AsteroidCloud\Bullet\build\vs2010\obj\x32\Debug\LinearMath\lib.command.1.tlog
C:\Users\Anto\Documents\GamesDesignYear4\GamePhysics\AsteroidCloud\AsteroidCloud\Bullet\build\vs2010\obj\x32\Debug\LinearMath\LinearMath.write.1.tlog
C:\Users\Anto\Documents\GamesDesignYear4\GamePhysics\AsteroidCloud\AsteroidCloud\Bullet\build\vs2010\..\..\lib\LinearMath_vs2010_debug.lib
