Build started 13/10/2014 11:08:01.
     1>Project "C:\Users\P1101_000\Documents\GamesDesignYear4\GamePhysics\Bullet\build\vs2010\BulletXmlWorldImporter.vcxproj" on node 3 (Build target(s)).
     1>ClCompile:
         C:\Program Files (x86)\Microsoft Visual Studio 11.0\VC\bin\CL.exe /c /I..\..\Extras\Serialize\BulletWorldImporter /I..\..\Extras\Serialize\BulletFileLoader /I..\..\src /Zi /nologo /W3 /WX- /Od /Oy- /D _CRT_SECURE_NO_WARNINGS /D _CRT_SECURE_NO_DEPRECATE /D _HAS_EXCEPTIONS=0 /D _MBCS /Gm- /RTC1 /MTd /GS /Gy /fp:fast /Zc:wchar_t /Zc:forScope /GR- /Fo"obj\x32\Debug\BulletXmlWorldImporter\\" /Fd"..\..\Extras\lib\BulletXmlWorldImporter_vs2010_debug.pdb" /Gd /TP /analyze- /errorReport:prompt /MP ..\..\Extras\Serialize\BulletXmlWorldImporter\btBulletXmlWorldImporter.cpp ..\..\Extras\Serialize\BulletXmlWorldImporter\string_split.cpp ..\..\Extras\Serialize\BulletXmlWorldImporter\tinystr.cpp ..\..\Extras\Serialize\BulletXmlWorldImporter\tinyxml.cpp ..\..\Extras\Serialize\BulletXmlWorldImporter\tinyxmlerror.cpp ..\..\Extras\Serialize\BulletXmlWorldImporter\tinyxmlparser.cpp
         btBulletXmlWorldImporter.cpp
         string_split.cpp
         tinystr.cpp
         tinyxml.cpp
         tinyxmlerror.cpp
         tinyxmlparser.cpp
     1>..\..\Extras\Serialize\BulletXmlWorldImporter\btBulletXmlWorldImporter.cpp(75): warning C4018: '<' : signed/unsigned mismatch
       Lib:
         C:\Program Files (x86)\Microsoft Visual Studio 11.0\VC\bin\Lib.exe /OUT:"..\..\Extras\lib\BulletXmlWorldImporter_vs2010_debug.lib" /NOLOGO /MACHINE:X86 obj\x32\Debug\BulletXmlWorldImporter\btBulletXmlWorldImporter.obj
         obj\x32\Debug\BulletXmlWorldImporter\string_split.obj
         obj\x32\Debug\BulletXmlWorldImporter\tinystr.obj
         obj\x32\Debug\BulletXmlWorldImporter\tinyxml.obj
         obj\x32\Debug\BulletXmlWorldImporter\tinyxmlerror.obj
         obj\x32\Debug\BulletXmlWorldImporter\tinyxmlparser.obj
         BulletXmlWorldImporter.vcxproj -> C:\Users\P1101_000\Documents\GamesDesignYear4\GamePhysics\Bullet\build\vs2010\..\..\Extras\lib\BulletXmlWorldImporter_vs2010_debug.lib
     1>Done Building Project "C:\Users\P1101_000\Documents\GamesDesignYear4\GamePhysics\Bullet\build\vs2010\BulletXmlWorldImporter.vcxproj" (Build target(s)).

Build succeeded.

Time Elapsed 00:00:02.06
